<?xml version="1.0" encoding="UTF-8"?>
<testsuite xmlns:xsi="http://www.w3.org/2001/XMLSchema-instance" xsi:noNamespaceSchemaLocation="https://maven.apache.org/surefire/maven-surefire-plugin/xsd/surefire-test-report-3.0.xsd" version="3.0" name="pl.polsl.test.StockModelVolumeAnalysisTest" time="0.132" tests="17" errors="0" skipped="0" failures="0">
  <properties>
[...]
</properties>
  <testcase name="testGetHighestVolumeDayBoundary(String, String, Long)[1]" classname="pl.polsl.test.StockModelVolumeAnalysisTest" time="0.006"/>
  <testcase name="testGetHighestVolumeDayBoundary(String, String, Long)[2]" classname="pl.polsl.test.StockModelVolumeAnalysisTest" time="0.007"/>
  <testcase name="testGetHighestVolumeDayBoundary(String, String, Long)[3]" classname="pl.polsl.test.StockModelVolumeAnalysisTest" time="0.012"/>
  <testcase name="testGetYearWithHighestVolumeNoData(String)[1]" classname="pl.polsl.test.StockModelVolumeAnalysisTest" time="0.002"/>
  <testcase name="testGetYearWithHighestVolumeNoData(String)[2]" classname="pl.polsl.test.StockModelVolumeAnalysisTest" time="0.0"/>
  <testcase name="testGetHighestVolumeDayNoData(String)[1]" classname="pl.polsl.test.StockModelVolumeAnalysisTest" time="0.002"/>
  <testcase name="testGetHighestVolumeDayNoData(String)[2]" classname="pl.polsl.test.StockModelVolumeAnalysisTest" time="0.0"/>
  <testcase name="testGetHighestVolumeDay(String, String, Long)[1]" classname="pl.polsl.test.StockModelVolumeAnalysisTest" time="0.006"/>
  <testcase name="testGetHighestVolumeDay(String, String, Long)[2]" classname="pl.polsl.test.StockModelVolumeAnalysisTest" time="0.011"/>
  <testcase name="testGetHighestVolumeDay(String, String, Long)[3]" classname="pl.polsl.test.StockModelVolumeAnalysisTest" time="0.006"/>
  <testcase name="testGetHighestVolumeDay(String, String, Long)[4]" classname="pl.polsl.test.StockModelVolumeAnalysisTest" time="0.005"/>
  <testcase name="testGetYearWithHighestVolumeBoundary(String, String, Integer)[1]" classname="pl.polsl.test.StockModelVolumeAnalysisTest" time="0.011"/>
  <testcase name="testGetYearWithHighestVolumeBoundary(String, String, Integer)[2]" classname="pl.polsl.test.StockModelVolumeAnalysisTest" time="0.008"/>
  <testcase name="testGetYearWithHighestVolume(String, String, Integer)[1]" classname="pl.polsl.test.StockModelVolumeAnalysisTest" time="0.007"/>
  <testcase name="testGetYearWithHighestVolume(String, String, Integer)[2]" classname="pl.polsl.test.StockModelVolumeAnalysisTest" time="0.007"/>
  <testcase name="testGetYearWithHighestVolume(String, String, Integer)[3]" classname="pl.polsl.test.StockModelVolumeAnalysisTest" time="0.007"/>
  <testcase name="testGetYearWithHighestVolume(String, String, Integer)[4]" classname="pl.polsl.test.StockModelVolumeAnalysisTest" time="0.012"/>
</testsuite>